<?xml version="1.0" encoding="UTF-8"?>
<!-- Generated by org.testng.reporters.JUnitReportReporter -->
<testsuite skipped="0" hostname="DESKTOP-E5A2EGR" name="com.epam.home.test.CheckVMClassTest" tests="1" failures="0" timestamp="18 Mar 2019 10:19:30 GMT" time="70.642" errors="0">
  <testcase name="checkVMClassText" time="70.642" classname="com.epam.home.test.CheckVMClassTest"/>
</testsuite> <!-- com.epam.home.test.CheckVMClassTest -->
